This is XeTeX, Version 3.14159265-2.6-0.999991 (TeX Live 2019) (preloaded format=xelatex 2020.3.20)  6 JUN 2020 17:56
entering extended mode
 restricted \write18 enabled.
 %&-line parsing enabled.
**conference_poster.tex
(./conference_poster.tex
LaTeX2e <2018-12-01>
(./a0poster.cls
Document Class: a0poster 1997/05/07 v1.21b a0poster class (GK, MW)
(/usr/local/texlive/2019/texmf-dist/tex/latex/base/article.cls
Document Class: article 2018/09/03 v1.4i Standard LaTeX document class
(/usr/local/texlive/2019/texmf-dist/tex/latex/base/size10.clo
File: size10.clo 2018/09/03 v1.4i Standard LaTeX file (size option)
)
\c@part=\count80
\c@section=\count81
\c@subsection=\count82
\c@subsubsection=\count83
\c@paragraph=\count84
\c@subparagraph=\count85
\c@figure=\count86
\c@table=\count87
\abovecaptionskip=\skip41
\belowcaptionskip=\skip42
\bibindent=\dimen102
)
(/usr/local/texlive/2019/texmf-dist/tex/latex/graphics/color.sty
Package: color 2016/07/10 v1.1e Standard LaTeX Color (DPC)

(/usr/local/texlive/2019/texmf-dist/tex/latex/graphics-cfg/color.cfg
File: color.cfg 2016/01/02 v1.6 sample color configuration
)
Package color Info: Driver file: xetex.def on input line 147.

(/usr/local/texlive/2019/texmf-dist/tex/latex/graphics-def/xetex.def
File: xetex.def 2017/06/24 v5.0h Graphics/color driver for xetex
))
\xkoord=\count88
\ykoord=\count89
\xscale=\count90
\yscale=\count91
\tausch=\dimen103

(./a0size.sty
File: a0size.sty 1997/05/06 v1.21b a0poster class (GK, MW)
LaTeX Font Info:    Redeclaring symbol font `largesymbols' on input line 218.
LaTeX Font Info:    Overwriting symbol font `largesymbols' in version `normal'
(Font)                  OMX/cmex/m/n --> OMX/cmex/m/n on input line 218.
LaTeX Font Info:    Overwriting symbol font `largesymbols' in version `bold'
(Font)                  OMX/cmex/m/n --> OMX/cmex/m/n on input line 218.
\big@size=\dimen104
))
(/usr/local/texlive/2019/texmf-dist/tex/latex/tools/multicol.sty
Package: multicol 2018/12/27 v1.8v multicolumn formatting (FMi)
\c@tracingmulticols=\count92
\mult@box=\box27
\multicol@leftmargin=\dimen105
\c@unbalance=\count93
\c@collectmore=\count94
\doublecol@number=\count95
\multicoltolerance=\count96
\multicolpretolerance=\count97
\full@width=\dimen106
\page@free=\dimen107
\premulticols=\dimen108
\postmulticols=\dimen109
\multicolsep=\skip43
\multicolbaselineskip=\skip44
\partial@page=\box28
\last@line=\box29
\maxbalancingoverflow=\dimen110
\mult@rightbox=\box30
\mult@grightbox=\box31
\mult@gfirstbox=\box32
\mult@firstbox=\box33
\@tempa=\box34
\@tempa=\box35
\@tempa=\box36
\@tempa=\box37
\@tempa=\box38
\@tempa=\box39
\@tempa=\box40
\@tempa=\box41
\@tempa=\box42
\@tempa=\box43
\@tempa=\box44
\@tempa=\box45
\@tempa=\box46
\@tempa=\box47
\@tempa=\box48
\@tempa=\box49
\@tempa=\box50
\c@columnbadness=\count98
\c@finalcolumnbadness=\count99
\last@try=\dimen111
\multicolovershoot=\dimen112
\multicolundershoot=\dimen113
\mult@nat@firstbox=\box51
\colbreak@box=\box52
\mc@col@check@num=\count100
)
(/usr/local/texlive/2019/texmf-dist/tex/latex/xcolor/xcolor.sty
Package: xcolor 2016/05/11 v2.12 LaTeX color extensions (UK)

(/usr/local/texlive/2019/texmf-dist/tex/latex/graphics-cfg/color.cfg
File: color.cfg 2016/01/02 v1.6 sample color configuration
)
Package xcolor Info: Driver file: xetex.def on input line 225.
LaTeX Info: Redefining \color on input line 709.
Package xcolor Info: Model `cmy' substituted by `cmy0' on input line 1348.
Package xcolor Info: Model `RGB' extended on input line 1364.
Package xcolor Info: Model `HTML' substituted by `rgb' on input line 1366.
Package xcolor Info: Model `Hsb' substituted by `hsb' on input line 1367.
Package xcolor Info: Model `tHsb' substituted by `hsb' on input line 1368.
Package xcolor Info: Model `HSB' substituted by `hsb' on input line 1369.
Package xcolor Info: Model `Gray' substituted by `gray' on input line 1370.
Package xcolor Info: Model `wave' substituted by `hsb' on input line 1371.

(/usr/local/texlive/2019/texmf-dist/tex/latex/xcolor/svgnam.def
File: svgnam.def 2016/05/11 v2.12 Predefined colors according to SVG 1.1 (UK)
))
(/usr/local/texlive/2019/texmf-dist/tex/latex/psnfss/times.sty
Package: times 2005/04/12 PSNFSS-v9.2a (SPQR) 
)
(/usr/local/texlive/2019/texmf-dist/tex/latex/graphics/graphicx.sty
Package: graphicx 2017/06/01 v1.1a Enhanced LaTeX Graphics (DPC,SPQR)

(/usr/local/texlive/2019/texmf-dist/tex/latex/graphics/keyval.sty
Package: keyval 2014/10/28 v1.15 key=value parser (DPC)
\KV@toks@=\toks14
)
(/usr/local/texlive/2019/texmf-dist/tex/latex/graphics/graphics.sty
Package: graphics 2017/06/25 v1.2c Standard LaTeX Graphics (DPC,SPQR)

(/usr/local/texlive/2019/texmf-dist/tex/latex/graphics/trig.sty
Package: trig 2016/01/03 v1.10 sin cos tan (DPC)
)
(/usr/local/texlive/2019/texmf-dist/tex/latex/graphics-cfg/graphics.cfg
File: graphics.cfg 2016/06/04 v1.11 sample graphics configuration
)
Package graphics Info: Driver file: xetex.def on input line 99.
)
\Gin@req@height=\dimen114
\Gin@req@width=\dimen115
)
(/usr/local/texlive/2019/texmf-dist/tex/latex/booktabs/booktabs.sty
Package: booktabs 2016/04/27 v1.618033 publication quality tables
\heavyrulewidth=\dimen116
\lightrulewidth=\dimen117
\cmidrulewidth=\dimen118
\belowrulesep=\dimen119
\belowbottomsep=\dimen120
\aboverulesep=\dimen121
\abovetopsep=\dimen122
\cmidrulesep=\dimen123
\cmidrulekern=\dimen124
\defaultaddspace=\dimen125
\@cmidla=\count101
\@cmidlb=\count102
\@aboverulesep=\dimen126
\@belowrulesep=\dimen127
\@thisruleclass=\count103
\@lastruleclass=\count104
\@thisrulewidth=\dimen128
)
(/usr/local/texlive/2019/texmf-dist/tex/latex/caption/caption.sty
Package: caption 2018/10/06 v3.3-154 Customizing captions (AR)

(/usr/local/texlive/2019/texmf-dist/tex/latex/caption/caption3.sty
Package: caption3 2018/09/12 v1.8c caption3 kernel (AR)
Package caption3 Info: TeX engine: e-TeX on input line 64.
\captionmargin=\dimen129
\captionmargin@=\dimen130
\captionwidth=\dimen131
\caption@tempdima=\dimen132
\caption@indent=\dimen133
\caption@parindent=\dimen134
\caption@hangindent=\dimen135
)
\c@caption@flags=\count105
\c@ContinuedFloat=\count106
)
(/usr/local/texlive/2019/texmf-dist/tex/latex/amsfonts/amsfonts.sty
Package: amsfonts 2013/01/14 v3.01 Basic AMSFonts support
\@emptytoks=\toks15
\symAMSa=\mathgroup4
\symAMSb=\mathgroup5
LaTeX Font Info:    Overwriting math alphabet `\mathfrak' in version `bold'
(Font)                  U/euf/m/n --> U/euf/b/n on input line 106.
)
(/usr/local/texlive/2019/texmf-dist/tex/latex/amsmath/amsmath.sty
Package: amsmath 2018/12/01 v2.17b AMS math features
\@mathmargin=\skip45

For additional information on amsmath, use the `?' option.
(/usr/local/texlive/2019/texmf-dist/tex/latex/amsmath/amstext.sty
Package: amstext 2000/06/29 v2.01 AMS text

(/usr/local/texlive/2019/texmf-dist/tex/latex/amsmath/amsgen.sty
File: amsgen.sty 1999/11/30 v2.0 generic functions
\@emptytoks=\toks16
\ex@=\dimen136
))
(/usr/local/texlive/2019/texmf-dist/tex/latex/amsmath/amsbsy.sty
Package: amsbsy 1999/11/29 v1.2d Bold Symbols
\pmbraise@=\dimen137
)
(/usr/local/texlive/2019/texmf-dist/tex/latex/amsmath/amsopn.sty
Package: amsopn 2016/03/08 v2.02 operator names
)
\inf@bad=\count107
LaTeX Info: Redefining \frac on input line 223.
\uproot@=\count108
\leftroot@=\count109
LaTeX Info: Redefining \overline on input line 385.
\classnum@=\count110
\DOTSCASE@=\count111
LaTeX Info: Redefining \ldots on input line 482.
LaTeX Info: Redefining \dots on input line 485.
LaTeX Info: Redefining \cdots on input line 606.
\Mathstrutbox@=\box53
\strutbox@=\box54
\big@size=\dimen138
LaTeX Font Info:    Redeclaring font encoding OML on input line 729.
LaTeX Font Info:    Redeclaring font encoding OMS on input line 730.
\macc@depth=\count112
\c@MaxMatrixCols=\count113
\dotsspace@=\muskip10
\c@parentequation=\count114
\dspbrk@lvl=\count115
\tag@help=\toks17
\row@=\count116
\column@=\count117
\maxfields@=\count118
\andhelp@=\toks18
\eqnshift@=\dimen139
\alignsep@=\dimen140
\tagshift@=\dimen141
\tagwidth@=\dimen142
\totwidth@=\dimen143
\lineht@=\dimen144
\@envbody=\toks19
\multlinegap=\skip46
\multlinetaggap=\skip47
\mathdisplay@stack=\toks20
LaTeX Info: Redefining \[ on input line 2844.
LaTeX Info: Redefining \] on input line 2845.
)
(/usr/local/texlive/2019/texmf-dist/tex/latex/amscls/amsthm.sty
Package: amsthm 2017/10/31 v2.20.4
\thm@style=\toks21
\thm@bodyfont=\toks22
\thm@headfont=\toks23
\thm@notefont=\toks24
\thm@headpunct=\toks25
\thm@preskip=\skip48
\thm@postskip=\skip49
\thm@headsep=\skip50
\dth@everypar=\toks26
)
(/usr/local/texlive/2019/texmf-dist/tex/latex/amsfonts/amssymb.sty
Package: amssymb 2013/01/14 v3.01 AMS font symbols
)
(/usr/local/texlive/2019/texmf-dist/tex/latex/wrapfig/wrapfig.sty
\wrapoverhang=\dimen145
\WF@size=\dimen146
\c@WF@wrappedlines=\count119
\WF@box=\box55
\WF@everypar=\toks27
Package: wrapfig 2003/01/31  v 3.6
)
(/usr/local/texlive/2019/texmf-dist/tex/latex/adjustbox/adjustbox.sty
Package: adjustbox 2019/01/04 v1.2 Adjusting TeX boxes (trim, clip, ...)

(/usr/local/texlive/2019/texmf-dist/tex/latex/xkeyval/xkeyval.sty
Package: xkeyval 2014/12/03 v2.7a package option processing (HA)

(/usr/local/texlive/2019/texmf-dist/tex/generic/xkeyval/xkeyval.tex
(/usr/local/texlive/2019/texmf-dist/tex/generic/xkeyval/xkvutils.tex
\XKV@toks=\toks28
\XKV@tempa@toks=\toks29
)
\XKV@depth=\count120
File: xkeyval.tex 2014/12/03 v2.7a key=value parser (HA)
))
(/usr/local/texlive/2019/texmf-dist/tex/latex/adjustbox/adjcalc.sty
Package: adjcalc 2012/05/16 v1.1 Provides advanced setlength with multiple back
-ends (calc, etex, pgfmath)
)
(/usr/local/texlive/2019/texmf-dist/tex/latex/adjustbox/trimclip.sty
Package: trimclip 2018/04/08 v1.1 Trim and clip general TeX material

(/usr/local/texlive/2019/texmf-dist/tex/latex/collectbox/collectbox.sty
Package: collectbox 2012/05/17 v0.4b Collect macro arguments as boxes
\collectedbox=\box56
)
\tc@llx=\dimen147
\tc@lly=\dimen148
\tc@urx=\dimen149
\tc@ury=\dimen150
Package trimclip Info: Using driver 'tc-xetex.def'.

(/usr/local/texlive/2019/texmf-dist/tex/latex/adjustbox/tc-xetex.def
File: tc-xetex.def 2019/01/04 v2.2 Clipping driver for xetex
))
\adjbox@Width=\dimen151
\adjbox@Height=\dimen152
\adjbox@Depth=\dimen153
\adjbox@Totalheight=\dimen154
\adjbox@pwidth=\dimen155
\adjbox@pheight=\dimen156
\adjbox@pdepth=\dimen157
\adjbox@ptotalheight=\dimen158

(/usr/local/texlive/2019/texmf-dist/tex/latex/ifoddpage/ifoddpage.sty
Package: ifoddpage 2016/04/23 v1.1 Conditionals for odd/even page detection
\c@checkoddpage=\count121
)
(/usr/local/texlive/2019/texmf-dist/tex/latex/varwidth/varwidth.sty
Package: varwidth 2009/03/30 ver 0.92;  Variable-width minipages
\@vwid@box=\box57
\sift@deathcycles=\count122
\@vwid@loff=\dimen159
\@vwid@roff=\dimen160
))
(/usr/local/texlive/2019/texmf-dist/tex/latex/colortbl/colortbl.sty
Package: colortbl 2018/12/12 v1.0d Color table columns (DPC)

(/usr/local/texlive/2019/texmf-dist/tex/latex/tools/array.sty
Package: array 2018/12/30 v2.4k Tabular extension package (FMi)
\col@sep=\dimen161
\ar@mcellbox=\box58
\extrarowheight=\dimen162
\NC@list=\toks30
\extratabsurround=\skip51
\backup@length=\skip52
\ar@cellbox=\box59
)
\everycr=\toks31
\minrowclearance=\skip53
)
(./conference_poster.aux)
\openout1 = `conference_poster.aux'.

LaTeX Font Info:    Checking defaults for OML/cmm/m/it on input line 24.
LaTeX Font Info:    ... okay on input line 24.
LaTeX Font Info:    Checking defaults for T1/cmr/m/n on input line 24.
LaTeX Font Info:    ... okay on input line 24.
LaTeX Font Info:    Checking defaults for OT1/cmr/m/n on input line 24.
LaTeX Font Info:    ... okay on input line 24.
LaTeX Font Info:    Checking defaults for OMS/cmsy/m/n on input line 24.
LaTeX Font Info:    ... okay on input line 24.
LaTeX Font Info:    Checking defaults for TU/lmr/m/n on input line 24.
LaTeX Font Info:    ... okay on input line 24.
LaTeX Font Info:    Checking defaults for OMX/cmex/m/n on input line 24.
LaTeX Font Info:    ... okay on input line 24.
LaTeX Font Info:    Checking defaults for U/cmr/m/n on input line 24.
LaTeX Font Info:    ... okay on input line 24.
LaTeX Font Info:    Try loading font information for TU+ptm on input line 24.
LaTeX Font Info:    No file TUptm.fd. on input line 24.


LaTeX Font Warning: Font shape `TU/ptm/m/n' undefined
(Font)              using `TU/lmr/m/n' instead on input line 24.

Package caption Info: Begin \AtBeginDocument code.
Package caption Info: wrapfig package is loaded.
Package caption Info: End \AtBeginDocument code.

Package xcolor Warning: Incompatible color definition on input line 27.


LaTeX Font Warning: Font shape `TU/ptm/bx/n' undefined
(Font)              using `TU/ptm/m/n' instead on input line 27.

LaTeX Font Info:    Try loading font information for TU+pcr on input line 31.
LaTeX Font Info:    No file TUpcr.fd. on input line 31.

LaTeX Font Warning: Font shape `TU/pcr/m/n' undefined
(Font)              using `TU/lmr/m/n' instead on input line 31.


Underfull \hbox (badness 1205) in paragraph at lines 27--32
[]\TU/ptm/m/n/89.16 De interactie van progressive web appli-
 []


Underfull \hbox (badness 10000) in paragraph at lines 27--32

 []

File: figures/HOGENT_Logo_Pos_rgb.png Graphic file (type bmp)
<figures/HOGENT_Logo_Pos_rgb.png>

Overfull \hbox (20.00917pt too wide) in paragraph at lines 26--38
[][] [] 
 []


Package xcolor Warning: Incompatible color definition on input line 48.


Package xcolor Warning: Incompatible color definition on input line 57.


Package xcolor Warning: Incompatible color definition on input line 68.


Package xcolor Warning: Incompatible color definition on input line 86.

LaTeX Font Info:    Try loading font information for U+msa on input line 90.
(/usr/local/texlive/2019/texmf-dist/tex/latex/amsfonts/umsa.fd
File: umsa.fd 2013/01/14 v3.01 AMS symbols A
)
LaTeX Font Info:    Try loading font information for U+msb on input line 90.

(/usr/local/texlive/2019/texmf-dist/tex/latex/amsfonts/umsb.fd
File: umsb.fd 2013/01/14 v3.01 AMS symbols B
)

Package xcolor Warning: Incompatible color definition on input line 116.


Package xcolor Warning: Incompatible color definition on input line 138.


Package xcolor Warning: Incompatible color definition on input line 144.


Package xcolor Warning: Incompatible color definition on input line 162.

[1

] (./conference_poster.aux)

LaTeX Font Warning: Some font shapes were not available, defaults substituted.

 ) 
Here is how much of TeX's memory you used:
 4754 strings out of 492916
 72359 string characters out of 6133345
 204431 words of memory out of 5000000
 8738 multiletter control sequences out of 15000+600000
 8333 words of font info for 39 fonts, out of 8000000 for 9000
 1348 hyphenation exceptions out of 8191
 36i,7n,38p,559b,268s stack positions out of 5000i,500n,10000p,200000b,80000s

Output written on conference_poster.pdf (1 page).
