This is XeTeX, Version 3.14159265-2.6-0.999991 (TeX Live 2019) (preloaded format=xelatex 2020.3.20)  5 JUN 2020 20:22
entering extended mode
 restricted \write18 enabled.
 %&-line parsing enabled.
**naam_voornaam_voorstel.tex
(./naam_voornaam_voorstel.tex
LaTeX2e <2018-12-01>

! LaTeX Error: File `voorstel.cls' not found.

Type X to quit or <RETURN> to proceed,
or enter new name. (Default extension: cls)

Enter file name: 
! Emergency stop.
<read *> 
         
l.19 ^^M
        
*** (cannot \read from terminal in nonstop modes)

 
Here is how much of TeX's memory you used:
 9 strings out of 492916
 163 string characters out of 6133345
 64431 words of memory out of 5000000
 4162 multiletter control sequences out of 15000+600000
 3640 words of font info for 14 fonts, out of 8000000 for 9000
 1348 hyphenation exceptions out of 8191
 10i,0n,8p,108b,8s stack positions out of 5000i,500n,10000p,200000b,80000s
No pages of output.
